Unity Editor version:    2020.3.27f1 (e759542391ea)
Branch:                  2020.3/release
Build type:              Release
Batch mode:              YES
macOS version:           Version 11.2.1 (Build 20D74)
Darwin version:          20.3.0
Architecture:            x86_64
Running under Rosetta:   NO
Available memory:        16384 MB
Using pre-set license
Pro License: NO

COMMAND LINE ARGUMENTS:
/Users/game5/Downloads/2020.3.27f1/Unity.app/Contents/MacOS/Unity
-adb2
-batchMode
-noUpm
-name
AssetImportWorker0
-projectPath
/Users/game5/Prototype 1 Mini Challenges
-logFile
Logs/AssetImportWorker0.log
-srvPort
59425
Successfully changed project path to: /Users/game5/Prototype 1 Mini Challenges
Could not lock editor preferences. Preferences updates for this instance of Unity will not be saved./Users/game5/Prototype 1 Mini Challenges
Using Asset Import Pipeline V2.
Refreshing native plugins compatible for Editor in 26.98 ms, found 2 plugins.
Preloading 0 native plugins for Editor in 0.00 ms.
Initialize engine version: 2020.3.27f1 (e759542391ea)
[Subsystems] Discovering subsystems at path /Users/game5/Downloads/2020.3.27f1/Unity.app/Contents/Resources/UnitySubsystems
[Subsystems] Discovering subsystems at path /Users/game5/Prototype 1 Mini Challenges/Assets
GfxDevice: creating device client; threaded=0
2023-03-23 13:34:17.265 Unity[2075:1724604] iMac preferred device: AMD Radeon Pro 5500 XT (high power)
2023-03-23 13:34:17.265 Unity[2075:1724604] Metal devices available: 1
2023-03-23 13:34:17.265 Unity[2075:1724604] 0: AMD Radeon Pro 5500 XT (high power)
2023-03-23 13:34:17.265 Unity[2075:1724604] Using device AMD Radeon Pro 5500 XT (high power)
Initializing Metal device caps: AMD Radeon Pro 5500 XT
Initialize mono
Mono path[0] = '/Users/game5/Downloads/2020.3.27f1/Unity.app/Contents/Managed'
Mono path[1] = '/Users/game5/Downloads/2020.3.27f1/Unity.app/Contents/MonoBleedingEdge/lib/mono/unityjit'
Mono config path = '/Users/game5/Downloads/2020.3.27f1/Unity.app/Contents/MonoBleedingEdge/etc'
Using monoOptions --debugger-agent=transport=dt_socket,embedding=1,server=y,suspend=n,address=127.0.0.1:56075
Begin MonoManager ReloadAssembly
Registering precompiled unity dll's ...
Register platform support module: /Users/game5/Downloads/2020.3.27f1/Unity.app/Contents/PlaybackEngines/MacStandaloneSupport/UnityEditor.OSXStandalone.Extensions.dll
Registered in 0.000804 seconds.
Native extension for OSXStandalone target not found
Refreshing native plugins compatible for Editor in 23.34 ms, found 2 plugins.
Preloading 0 native plugins for Editor in 0.00 ms.
Mono: successfully reloaded assembly
- Completed reload, in  0.582 seconds
Domain Reload Profiling:
	ReloadAssembly (582ms)
		BeginReloadAssembly (43ms)
			ExecutionOrderSort (0ms)
			DisableScriptedObjects (0ms)
			BackupInstance (0ms)
			ReleaseScriptingObjects (0ms)
			CreateAndSetChildDomain (1ms)
		EndReloadAssembly (442ms)
			LoadAssemblies (43ms)
			RebuildTransferFunctionScriptingTraits (0ms)
			SetupTypeCache (181ms)
			ReleaseScriptCaches (0ms)
			RebuildScriptCaches (33ms)
			SetupLoadedEditorAssemblies (150ms)
				LogAssemblyErrors (0ms)
				InitializePlatformSupportModulesInManaged (4ms)
				SetLoadedEditorAssemblies (0ms)
				RefreshPlugins (23ms)
				BeforeProcessingInitializeOnLoad (7ms)
				ProcessInitializeOnLoadAttributes (90ms)
				ProcessInitializeOnLoadMethodAttributes (26ms)
				AfterProcessingInitializeOnLoad (0ms)
				EditorAssembliesLoaded (0ms)
			ExecutionOrderSort2 (0ms)
			AwakeInstancesAfterBackupRestoration (0ms)
Platform modules already initialized, skipping
Registering precompiled user dll's ...
Registered in 0.001647 seconds.
Begin MonoManager ReloadAssembly
Native extension for OSXStandalone target not found
Refreshing native plugins compatible for Editor in 0.28 ms, found 2 plugins.
Preloading 0 native plugins for Editor in 0.00 ms.
Mono: successfully reloaded assembly
- Completed reload, in  0.915 seconds
Domain Reload Profiling:
	ReloadAssembly (915ms)
		BeginReloadAssembly (134ms)
			ExecutionOrderSort (0ms)
			DisableScriptedObjects (5ms)
			BackupInstance (0ms)
			ReleaseScriptingObjects (0ms)
			CreateAndSetChildDomain (25ms)
		EndReloadAssembly (726ms)
			LoadAssemblies (63ms)
			RebuildTransferFunctionScriptingTraits (0ms)
			SetupTypeCache (282ms)
			ReleaseScriptCaches (0ms)
			RebuildScriptCaches (43ms)
			SetupLoadedEditorAssemblies (241ms)
				LogAssemblyErrors (0ms)
				InitializePlatformSupportModulesInManaged (4ms)
				SetLoadedEditorAssemblies (0ms)
				RefreshPlugins (0ms)
				BeforeProcessingInitializeOnLoad (40ms)
				ProcessInitializeOnLoadAttributes (188ms)
				ProcessInitializeOnLoadMethodAttributes (8ms)
				AfterProcessingInitializeOnLoad (1ms)
				EditorAssembliesLoaded (0ms)
			ExecutionOrderSort2 (0ms)
			AwakeInstancesAfterBackupRestoration (6ms)
Platform modules already initialized, skipping
Validating Project structure ... 0.000949 seconds.
Shader import version has changed; will reimport all shaders...
Upgrading shader files ...0.001217 seconds.
Application.AssetDatabase Initial Script Refresh Start
RefreshInfo: InitialScriptRefreshV2(NoUpdateAssetOptions) scanfilter:  ... 1 filters
RefreshProfiler: Total: 0.000ms
Application.AssetDatabase Initial Script Refresh End
Application.AssetDatabase.Refresh Start
Application.AssetDatabase.Refresh End
RefreshInfo: StopAssetImportingV2(ForceSynchronousImport) scanfilter: 
RefreshProfiler: Total: 0.000ms
Launching external process: /Users/game5/Downloads/2020.3.27f1/Unity.app/Contents/Tools/UnityShaderCompiler
Launched and connected shader compiler UnityShaderCompiler after 0.01 seconds
Initializing Unity extensions:
========================================================================
Worker process is ready to serve import requests
Refreshing native plugins compatible for Editor in 0.16 ms, found 2 plugins.
Preloading 0 native plugins for Editor in 0.00 ms.
Unloading 1506 Unused Serialized files (Serialized files now loaded: 0)
System memory in use before: 177.2 MB.
System memory in use after: 176.4 MB.

Unloading 82 unused Assets to reduce memory usage. Loaded Objects now: 1977.
Total: 2.507286 ms (FindLiveObjects: 0.101964 ms CreateObjectMapping: 0.037539 ms MarkObjects: 1.989304 ms  DeleteObjects: 0.377791 ms)

AssetImportParameters requested are different than current active one (requested -> active):
  custom:video-decoder-ogg-theora: a1e56fd34408186e4bbccfd4996cb3dc -> 
  custom:container-muxer-webm: aa71ff27fc2769a1b78a27578f13a17b -> 
  custom:container-demuxer-webm: 4f35f7cbe854078d1ac9338744f61a02 -> 
  custom:container-demuxer-ogg: 62fdf1f143b41e24485cea50d1cbac27 -> 
  custom:video-encoder-webm-vp8: eb34c28f22e8b96e1ab97ce403110664 -> 
  custom:framework-osx-AVFoundation: e770b220cccbd017edd2c1fefb359320 -> 
  custom:video-decoder-webm-vp8: 9c59270c3fd7afecdb556c50c9e8de78 -> 
  custom:audio-decoder-ogg-vorbis: bf7c407c2cedff20999df2af8eb42d56 -> 
  custom:audio-encoder-webm-vorbis: bf7c407c2cedff20999df2af8eb42d56 -> 
========================================================================
Received Import Request.
  path: Assets/Scenes/Prototype 1.unity
  artifactKey: Guid(84729eeda748340d0955715b6a50b370) Importer(815301076,1909f56bfc062723c751e8b465ee728b)
Start importing Assets/Scenes/Prototype 1.unity using Guid(84729eeda748340d0955715b6a50b370) Importer(815301076,1909f56bfc062723c751e8b465ee728b)  -> (artifact id: '986f38aae0be5ea95cdcecf1cd8b12d6') in 0.008503 seconds 
  Import took 0.010174 seconds .

========================================================================
Received Import Request.
  Time since last request: 15.498255 seconds.
  path: Assets/Prefabs/Barrel_02.prefab
  artifactKey: Guid(0a1ce453966f843beac34e840bca6a07) Importer(815301076,1909f56bfc062723c751e8b465ee728b)
Start importing Assets/Prefabs/Barrel_02.prefab using Guid(0a1ce453966f843beac34e840bca6a07) Importer(815301076,1909f56bfc062723c751e8b465ee728b)  -> (artifact id: 'ba7f0a64c698c1b1c6a5486d5d08581e') in 1.104415 seconds 
  Import took 1.109031 seconds .

========================================================================
Received Import Request.
  Time since last request: 0.000165 seconds.
  path: Assets/Prefabs/SM_Rock_Boulder_01.prefab
  artifactKey: Guid(3c7e96d704150438180c456b9e983a79) Importer(815301076,1909f56bfc062723c751e8b465ee728b)
Start importing Assets/Prefabs/SM_Rock_Boulder_01.prefab using Guid(3c7e96d704150438180c456b9e983a79) Importer(815301076,1909f56bfc062723c751e8b465ee728b)  -> (artifact id: '11b69b0ccd2b8d5ec799310a44730231') in 0.217199 seconds 
  Import took 0.219553 seconds .

========================================================================
Received Import Request.
  Time since last request: 0.000137 seconds.
  path: Assets/Prefabs/Prop_Barrier02.prefab
  artifactKey: Guid(3710add75740746528c775c3baaefff2) Importer(815301076,1909f56bfc062723c751e8b465ee728b)
Start importing Assets/Prefabs/Prop_Barrier02.prefab using Guid(3710add75740746528c775c3baaefff2) Importer(815301076,1909f56bfc062723c751e8b465ee728b)  -> (artifact id: 'b6b7d7497aee41666571b279be262d6d') in 0.250908 seconds 
  Import took 0.253062 seconds .

========================================================================
Received Import Request.
  Time since last request: 0.000146 seconds.
  path: Assets/Prefabs/Prop_Cone_01.prefab
  artifactKey: Guid(bf9665a7a2dfa412ea774e7f4d6ffc36) Importer(815301076,1909f56bfc062723c751e8b465ee728b)
Start importing Assets/Prefabs/Prop_Cone_01.prefab using Guid(bf9665a7a2dfa412ea774e7f4d6ffc36) Importer(815301076,1909f56bfc062723c751e8b465ee728b)  -> (artifact id: '68dd8248c4c3d3288198ac8230825de6') in 0.006026 seconds 
  Import took 0.008162 seconds .

========================================================================
Received Import Request.
  Time since last request: 0.000159 seconds.
  path: Assets/Prefabs/Crate_01.prefab
  artifactKey: Guid(99331a303fbd94ba2ab7eeeb128ded8d) Importer(815301076,1909f56bfc062723c751e8b465ee728b)
Start importing Assets/Prefabs/Crate_01.prefab using Guid(99331a303fbd94ba2ab7eeeb128ded8d) Importer(815301076,1909f56bfc062723c751e8b465ee728b)  -> (artifact id: '0b61715072f7af9ea8af456a83d4d086') in 0.009485 seconds 
  Import took 0.011592 seconds .

========================================================================
Received Import Request.
  Time since last request: 221.335995 seconds.
  path: Assets/Prefabs/Big Block.prefab
  artifactKey: Guid(2134185ae5759450399346bcb04ff16c) Importer(815301076,1909f56bfc062723c751e8b465ee728b)
Start importing Assets/Prefabs/Big Block.prefab using Guid(2134185ae5759450399346bcb04ff16c) Importer(815301076,1909f56bfc062723c751e8b465ee728b)  -> (artifact id: '5c1e8724d247de1b562f378eeada29a0') in 0.011282 seconds 
  Import took 0.013863 seconds .

========================================================================
Received Prepare
Registering precompiled user dll's ...
Registered in 0.001492 seconds.
Begin MonoManager ReloadAssembly
Native extension for OSXStandalone target not found
Refreshing native plugins compatible for Editor in 0.29 ms, found 2 plugins.
Preloading 0 native plugins for Editor in 0.00 ms.
Mono: successfully reloaded assembly
- Completed reload, in  0.889 seconds
Domain Reload Profiling:
	ReloadAssembly (890ms)
		BeginReloadAssembly (102ms)
			ExecutionOrderSort (0ms)
			DisableScriptedObjects (4ms)
			BackupInstance (0ms)
			ReleaseScriptingObjects (0ms)
			CreateAndSetChildDomain (50ms)
		EndReloadAssembly (734ms)
			LoadAssemblies (58ms)
			RebuildTransferFunctionScriptingTraits (0ms)
			SetupTypeCache (271ms)
			ReleaseScriptCaches (1ms)
			RebuildScriptCaches (40ms)
			SetupLoadedEditorAssemblies (259ms)
				LogAssemblyErrors (0ms)
				InitializePlatformSupportModulesInManaged (4ms)
				SetLoadedEditorAssemblies (0ms)
				RefreshPlugins (0ms)
				BeforeProcessingInitializeOnLoad (73ms)
				ProcessInitializeOnLoadAttributes (173ms)
				ProcessInitializeOnLoadMethodAttributes (7ms)
				AfterProcessingInitializeOnLoad (1ms)
				EditorAssembliesLoaded (0ms)
			ExecutionOrderSort2 (0ms)
			AwakeInstancesAfterBackupRestoration (6ms)
Platform modules already initialized, skipping
Refreshing native plugins compatible for Editor in 0.25 ms, found 2 plugins.
Preloading 0 native plugins for Editor in 0.00 ms.
Unloading 1499 Unused Serialized files (Serialized files now loaded: 0)
System memory in use before: 182.5 MB.
System memory in use after: 182.6 MB.

Unloading 15 unused Assets to reduce memory usage. Loaded Objects now: 1987.
Total: 2.062469 ms (FindLiveObjects: 0.097885 ms CreateObjectMapping: 0.036837 ms MarkObjects: 1.915957 ms  DeleteObjects: 0.011198 ms)

AssetImportParameters requested are different than current active one (requested -> active):
  custom:video-decoder-ogg-theora: a1e56fd34408186e4bbccfd4996cb3dc -> 
  custom:container-muxer-webm: aa71ff27fc2769a1b78a27578f13a17b -> 
  custom:container-demuxer-webm: 4f35f7cbe854078d1ac9338744f61a02 -> 
  custom:container-demuxer-ogg: 62fdf1f143b41e24485cea50d1cbac27 -> 
  custom:video-encoder-webm-vp8: eb34c28f22e8b96e1ab97ce403110664 -> 
  custom:framework-osx-AVFoundation: e770b220cccbd017edd2c1fefb359320 -> 
  custom:video-decoder-webm-vp8: 9c59270c3fd7afecdb556c50c9e8de78 -> 
  custom:audio-decoder-ogg-vorbis: bf7c407c2cedff20999df2af8eb42d56 -> 
  custom:audio-encoder-webm-vorbis: bf7c407c2cedff20999df2af8eb42d56 -> 
========================================================================
Received Import Request.
  Time since last request: 151.427385 seconds.
  path: Assets/Prefabs/Big Block.prefab
  artifactKey: Guid(2134185ae5759450399346bcb04ff16c) Importer(815301076,1909f56bfc062723c751e8b465ee728b)
Start importing Assets/Prefabs/Big Block.prefab using Guid(2134185ae5759450399346bcb04ff16c) Importer(815301076,1909f56bfc062723c751e8b465ee728b)  -> (artifact id: 'fd08368b4cdff2c15d5a263115dfec89') in 0.047177 seconds 
  Import took 0.049353 seconds .

========================================================================
Received Import Request.
  Time since last request: 8.798204 seconds.
  path: Assets/Prefabs/Big Block.prefab
  artifactKey: Guid(2134185ae5759450399346bcb04ff16c) Importer(815301076,1909f56bfc062723c751e8b465ee728b)
Start importing Assets/Prefabs/Big Block.prefab using Guid(2134185ae5759450399346bcb04ff16c) Importer(815301076,1909f56bfc062723c751e8b465ee728b)  -> (artifact id: '7d0ca59945e445930c8f89500be9f4cd') in 0.009719 seconds 
  Import took 0.012292 seconds .

========================================================================
Received Import Request.
  Time since last request: 4.840801 seconds.
  path: Assets/Prefabs/Big Block.prefab
  artifactKey: Guid(2134185ae5759450399346bcb04ff16c) Importer(815301076,1909f56bfc062723c751e8b465ee728b)
Start importing Assets/Prefabs/Big Block.prefab using Guid(2134185ae5759450399346bcb04ff16c) Importer(815301076,1909f56bfc062723c751e8b465ee728b)  -> (artifact id: 'd052f446519140089f2780d2a5befe39') in 0.009660 seconds 
  Import took 0.012194 seconds .

========================================================================
Received Import Request.
  Time since last request: 3.831507 seconds.
  path: Assets/Prefabs/Big Block.prefab
  artifactKey: Guid(2134185ae5759450399346bcb04ff16c) Importer(815301076,1909f56bfc062723c751e8b465ee728b)
Start importing Assets/Prefabs/Big Block.prefab using Guid(2134185ae5759450399346bcb04ff16c) Importer(815301076,1909f56bfc062723c751e8b465ee728b)  -> (artifact id: 'bec635498bd5d12954a34185477be3cc') in 0.013383 seconds 
  Import took 0.015795 seconds .

========================================================================
Received Import Request.
  Time since last request: 8.891342 seconds.
  path: Assets/Prefabs/Big Block.prefab
  artifactKey: Guid(2134185ae5759450399346bcb04ff16c) Importer(815301076,1909f56bfc062723c751e8b465ee728b)
Start importing Assets/Prefabs/Big Block.prefab using Guid(2134185ae5759450399346bcb04ff16c) Importer(815301076,1909f56bfc062723c751e8b465ee728b)  -> (artifact id: '880d395a3010f2ccc159c93b8b80309e') in 0.009533 seconds 
  Import took 0.012222 seconds .

========================================================================
Received Import Request.
  Time since last request: 3.419643 seconds.
  path: Assets/Prefabs/Big Block.prefab
  artifactKey: Guid(2134185ae5759450399346bcb04ff16c) Importer(815301076,1909f56bfc062723c751e8b465ee728b)
Start importing Assets/Prefabs/Big Block.prefab using Guid(2134185ae5759450399346bcb04ff16c) Importer(815301076,1909f56bfc062723c751e8b465ee728b)  -> (artifact id: 'daa3e011811b751534e17ae7bf3b4b73') in 0.010418 seconds 
  Import took 0.012672 seconds .

========================================================================
Received Import Request.
  Time since last request: 28.951197 seconds.
  path: Assets/Prefabs/Big Block.prefab
  artifactKey: Guid(2134185ae5759450399346bcb04ff16c) Importer(815301076,1909f56bfc062723c751e8b465ee728b)
Start importing Assets/Prefabs/Big Block.prefab using Guid(2134185ae5759450399346bcb04ff16c) Importer(815301076,1909f56bfc062723c751e8b465ee728b)  -> (artifact id: '0f39140ffc7394da3ce582568f5f7e64') in 0.009452 seconds 
  Import took 0.011722 seconds .

========================================================================
Received Import Request.
  Time since last request: 22.662346 seconds.
  path: Assets/Prefabs/Big Block.prefab
  artifactKey: Guid(2134185ae5759450399346bcb04ff16c) Importer(815301076,1909f56bfc062723c751e8b465ee728b)
Start importing Assets/Prefabs/Big Block.prefab using Guid(2134185ae5759450399346bcb04ff16c) Importer(815301076,1909f56bfc062723c751e8b465ee728b)  -> (artifact id: '0bd0414dd62760f7b7db2f8f992702dc') in 0.009837 seconds 
  Import took 0.012424 seconds .

========================================================================
Received Import Request.
  Time since last request: 14.961928 seconds.
  path: Assets/Prefabs/Big Block.prefab
  artifactKey: Guid(2134185ae5759450399346bcb04ff16c) Importer(815301076,1909f56bfc062723c751e8b465ee728b)
Start importing Assets/Prefabs/Big Block.prefab using Guid(2134185ae5759450399346bcb04ff16c) Importer(815301076,1909f56bfc062723c751e8b465ee728b)  -> (artifact id: '3477fb0c56ebef2e305c992535945026') in 0.009647 seconds 
  Import took 0.012393 seconds .

========================================================================
Received Import Request.
  Time since last request: 5.659822 seconds.
  path: Assets/Prefabs/Big Block.prefab
  artifactKey: Guid(2134185ae5759450399346bcb04ff16c) Importer(815301076,1909f56bfc062723c751e8b465ee728b)
Start importing Assets/Prefabs/Big Block.prefab using Guid(2134185ae5759450399346bcb04ff16c) Importer(815301076,1909f56bfc062723c751e8b465ee728b)  -> (artifact id: '85fbde69911cfedd42121f907b351251') in 0.010015 seconds 
  Import took 0.012269 seconds .

========================================================================
Received Import Request.
  Time since last request: 4.651618 seconds.
  path: Assets/Prefabs/Big Block.prefab
  artifactKey: Guid(2134185ae5759450399346bcb04ff16c) Importer(815301076,1909f56bfc062723c751e8b465ee728b)
Start importing Assets/Prefabs/Big Block.prefab using Guid(2134185ae5759450399346bcb04ff16c) Importer(815301076,1909f56bfc062723c751e8b465ee728b)  -> (artifact id: '9c5af329d45387baf186156b29f7293d') in 0.009942 seconds 
  Import took 0.012144 seconds .

========================================================================
Received Import Request.
  Time since last request: 14.388138 seconds.
  path: Assets/Prefabs/Big Block.prefab
  artifactKey: Guid(2134185ae5759450399346bcb04ff16c) Importer(815301076,1909f56bfc062723c751e8b465ee728b)
Start importing Assets/Prefabs/Big Block.prefab using Guid(2134185ae5759450399346bcb04ff16c) Importer(815301076,1909f56bfc062723c751e8b465ee728b)  -> (artifact id: '60461b73f7dde45f7aa6e06f2d4c41ec') in 0.009653 seconds 
  Import took 0.011807 seconds .

========================================================================
Received Import Request.
  Time since last request: 5.235163 seconds.
  path: Assets/Prefabs/Big Block.prefab
  artifactKey: Guid(2134185ae5759450399346bcb04ff16c) Importer(815301076,1909f56bfc062723c751e8b465ee728b)
Start importing Assets/Prefabs/Big Block.prefab using Guid(2134185ae5759450399346bcb04ff16c) Importer(815301076,1909f56bfc062723c751e8b465ee728b)  -> (artifact id: '7d0b5f33b469616e86f09bf9c3433a8e') in 0.009683 seconds 
  Import took 0.011845 seconds .

========================================================================
Received Import Request.
  Time since last request: 3.228170 seconds.
  path: Assets/Prefabs/Big Block.prefab
  artifactKey: Guid(2134185ae5759450399346bcb04ff16c) Importer(815301076,1909f56bfc062723c751e8b465ee728b)
Start importing Assets/Prefabs/Big Block.prefab using Guid(2134185ae5759450399346bcb04ff16c) Importer(815301076,1909f56bfc062723c751e8b465ee728b)  -> (artifact id: '1f396814ca93fb90bdf0ea218d45bf90') in 0.010215 seconds 
  Import took 0.012409 seconds .

========================================================================
Received Import Request.
  Time since last request: 3.019944 seconds.
  path: Assets/Prefabs/Big Block.prefab
  artifactKey: Guid(2134185ae5759450399346bcb04ff16c) Importer(815301076,1909f56bfc062723c751e8b465ee728b)
Start importing Assets/Prefabs/Big Block.prefab using Guid(2134185ae5759450399346bcb04ff16c) Importer(815301076,1909f56bfc062723c751e8b465ee728b)  -> (artifact id: 'bf3c32bdee01e2ebbcc7ea831706c751') in 0.009569 seconds 
  Import took 0.011719 seconds .

========================================================================
Received Import Request.
  Time since last request: 2.421498 seconds.
  path: Assets/Prefabs/Big Block.prefab
  artifactKey: Guid(2134185ae5759450399346bcb04ff16c) Importer(815301076,1909f56bfc062723c751e8b465ee728b)
Start importing Assets/Prefabs/Big Block.prefab using Guid(2134185ae5759450399346bcb04ff16c) Importer(815301076,1909f56bfc062723c751e8b465ee728b)  -> (artifact id: 'f3af1310902395d522a2fc4e03daf6f5') in 0.010183 seconds 
  Import took 0.012650 seconds .

========================================================================
Received Import Request.
  Time since last request: 41.258570 seconds.
  path: Assets/Prefabs/Big Block.prefab
  artifactKey: Guid(2134185ae5759450399346bcb04ff16c) Importer(815301076,1909f56bfc062723c751e8b465ee728b)
Start importing Assets/Prefabs/Big Block.prefab using Guid(2134185ae5759450399346bcb04ff16c) Importer(815301076,1909f56bfc062723c751e8b465ee728b)  -> (artifact id: 'fe3786b74ae9b2281d984a3a032929cd') in 0.009660 seconds 
  Import took 0.011830 seconds .

========================================================================
Received Prepare
Registering precompiled user dll's ...
Registered in 0.001424 seconds.
Begin MonoManager ReloadAssembly
Native extension for OSXStandalone target not found
Refreshing native plugins compatible for Editor in 0.29 ms, found 2 plugins.
Preloading 0 native plugins for Editor in 0.00 ms.
Mono: successfully reloaded assembly
- Completed reload, in  0.876 seconds
Domain Reload Profiling:
	ReloadAssembly (876ms)
		BeginReloadAssembly (99ms)
			ExecutionOrderSort (0ms)
			DisableScriptedObjects (4ms)
			BackupInstance (0ms)
			ReleaseScriptingObjects (0ms)
			CreateAndSetChildDomain (47ms)
		EndReloadAssembly (722ms)
			LoadAssemblies (59ms)
			RebuildTransferFunctionScriptingTraits (0ms)
			SetupTypeCache (268ms)
			ReleaseScriptCaches (1ms)
			RebuildScriptCaches (39ms)
			SetupLoadedEditorAssemblies (256ms)
				LogAssemblyErrors (0ms)
				InitializePlatformSupportModulesInManaged (4ms)
				SetLoadedEditorAssemblies (0ms)
				RefreshPlugins (0ms)
				BeforeProcessingInitializeOnLoad (72ms)
				ProcessInitializeOnLoadAttributes (171ms)
				ProcessInitializeOnLoadMethodAttributes (7ms)
				AfterProcessingInitializeOnLoad (1ms)
				EditorAssembliesLoaded (0ms)
			ExecutionOrderSort2 (0ms)
			AwakeInstancesAfterBackupRestoration (6ms)
Platform modules already initialized, skipping
Refreshing native plugins compatible for Editor in 0.25 ms, found 2 plugins.
Preloading 0 native plugins for Editor in 0.00 ms.
Unloading 1499 Unused Serialized files (Serialized files now loaded: 0)
System memory in use before: 182.8 MB.
System memory in use after: 182.9 MB.

Unloading 14 unused Assets to reduce memory usage. Loaded Objects now: 1990.
Total: 2.014442 ms (FindLiveObjects: 0.098154 ms CreateObjectMapping: 0.036288 ms MarkObjects: 1.869479 ms  DeleteObjects: 0.009997 ms)

AssetImportParameters requested are different than current active one (requested -> active):
  custom:video-decoder-ogg-theora: a1e56fd34408186e4bbccfd4996cb3dc -> 
  custom:container-muxer-webm: aa71ff27fc2769a1b78a27578f13a17b -> 
  custom:container-demuxer-webm: 4f35f7cbe854078d1ac9338744f61a02 -> 
  custom:container-demuxer-ogg: 62fdf1f143b41e24485cea50d1cbac27 -> 
  custom:video-encoder-webm-vp8: eb34c28f22e8b96e1ab97ce403110664 -> 
  custom:framework-osx-AVFoundation: e770b220cccbd017edd2c1fefb359320 -> 
  custom:video-decoder-webm-vp8: 9c59270c3fd7afecdb556c50c9e8de78 -> 
  custom:audio-decoder-ogg-vorbis: bf7c407c2cedff20999df2af8eb42d56 -> 
  custom:audio-encoder-webm-vorbis: bf7c407c2cedff20999df2af8eb42d56 -> 
========================================================================
Received Prepare
Registering precompiled user dll's ...
Registered in 0.001547 seconds.
Begin MonoManager ReloadAssembly
Native extension for OSXStandalone target not found
Refreshing native plugins compatible for Editor in 0.28 ms, found 2 plugins.
Preloading 0 native plugins for Editor in 0.00 ms.
Mono: successfully reloaded assembly
- Completed reload, in  0.873 seconds
Domain Reload Profiling:
	ReloadAssembly (873ms)
		BeginReloadAssembly (98ms)
			ExecutionOrderSort (0ms)
			DisableScriptedObjects (4ms)
			BackupInstance (0ms)
			ReleaseScriptingObjects (0ms)
			CreateAndSetChildDomain (47ms)
		EndReloadAssembly (721ms)
			LoadAssemblies (58ms)
			RebuildTransferFunctionScriptingTraits (0ms)
			SetupTypeCache (265ms)
			ReleaseScriptCaches (1ms)
			RebuildScriptCaches (39ms)
			SetupLoadedEditorAssemblies (255ms)
				LogAssemblyErrors (0ms)
				InitializePlatformSupportModulesInManaged (4ms)
				SetLoadedEditorAssemblies (0ms)
				RefreshPlugins (0ms)
				BeforeProcessingInitializeOnLoad (73ms)
				ProcessInitializeOnLoadAttributes (170ms)
				ProcessInitializeOnLoadMethodAttributes (7ms)
				AfterProcessingInitializeOnLoad (1ms)
				EditorAssembliesLoaded (0ms)
			ExecutionOrderSort2 (0ms)
			AwakeInstancesAfterBackupRestoration (6ms)
Platform modules already initialized, skipping
Refreshing native plugins compatible for Editor in 0.26 ms, found 2 plugins.
Preloading 0 native plugins for Editor in 0.00 ms.
Unloading 1499 Unused Serialized files (Serialized files now loaded: 0)
System memory in use before: 182.9 MB.
System memory in use after: 183.0 MB.

Unloading 14 unused Assets to reduce memory usage. Loaded Objects now: 1992.
Total: 2.008581 ms (FindLiveObjects: 0.099121 ms CreateObjectMapping: 0.036407 ms MarkObjects: 1.862215 ms  DeleteObjects: 0.010238 ms)

AssetImportParameters requested are different than current active one (requested -> active):
  custom:video-decoder-ogg-theora: a1e56fd34408186e4bbccfd4996cb3dc -> 
  custom:container-muxer-webm: aa71ff27fc2769a1b78a27578f13a17b -> 
  custom:container-demuxer-webm: 4f35f7cbe854078d1ac9338744f61a02 -> 
  custom:container-demuxer-ogg: 62fdf1f143b41e24485cea50d1cbac27 -> 
  custom:video-encoder-webm-vp8: eb34c28f22e8b96e1ab97ce403110664 -> 
  custom:framework-osx-AVFoundation: e770b220cccbd017edd2c1fefb359320 -> 
  custom:video-decoder-webm-vp8: 9c59270c3fd7afecdb556c50c9e8de78 -> 
  custom:audio-decoder-ogg-vorbis: bf7c407c2cedff20999df2af8eb42d56 -> 
  custom:audio-encoder-webm-vorbis: bf7c407c2cedff20999df2af8eb42d56 -> 
========================================================================
Received Import Request.
  Time since last request: 920.960899 seconds.
  path: Assets/Prefabs/Big Block.prefab
  artifactKey: Guid(2134185ae5759450399346bcb04ff16c) Importer(815301076,1909f56bfc062723c751e8b465ee728b)
Start importing Assets/Prefabs/Big Block.prefab using Guid(2134185ae5759450399346bcb04ff16c) Importer(815301076,1909f56bfc062723c751e8b465ee728b)  -> (artifact id: 'd77ccf1610affe997c3194cfdcf78663') in 0.046388 seconds 
  Import took 0.048915 seconds .

========================================================================
Received Prepare
Registering precompiled user dll's ...
Registered in 0.001475 seconds.
Begin MonoManager ReloadAssembly
Native extension for OSXStandalone target not found
Refreshing native plugins compatible for Editor in 0.30 ms, found 2 plugins.
Preloading 0 native plugins for Editor in 0.00 ms.
Mono: successfully reloaded assembly
- Completed reload, in  0.878 seconds
Domain Reload Profiling:
	ReloadAssembly (878ms)
		BeginReloadAssembly (100ms)
			ExecutionOrderSort (0ms)
			DisableScriptedObjects (4ms)
			BackupInstance (0ms)
			ReleaseScriptingObjects (0ms)
			CreateAndSetChildDomain (46ms)
		EndReloadAssembly (724ms)
			LoadAssemblies (60ms)
			RebuildTransferFunctionScriptingTraits (0ms)
			SetupTypeCache (264ms)
			ReleaseScriptCaches (1ms)
			RebuildScriptCaches (38ms)
			SetupLoadedEditorAssemblies (261ms)
				LogAssemblyErrors (0ms)
				InitializePlatformSupportModulesInManaged (4ms)
				SetLoadedEditorAssemblies (0ms)
				RefreshPlugins (0ms)
				BeforeProcessingInitializeOnLoad (74ms)
				ProcessInitializeOnLoadAttributes (174ms)
				ProcessInitializeOnLoadMethodAttributes (7ms)
				AfterProcessingInitializeOnLoad (1ms)
				EditorAssembliesLoaded (0ms)
			ExecutionOrderSort2 (0ms)
			AwakeInstancesAfterBackupRestoration (6ms)
Platform modules already initialized, skipping
Refreshing native plugins compatible for Editor in 0.30 ms, found 2 plugins.
Preloading 0 native plugins for Editor in 0.00 ms.
Unloading 1499 Unused Serialized files (Serialized files now loaded: 0)
System memory in use before: 183.1 MB.
System memory in use after: 183.2 MB.

Unloading 14 unused Assets to reduce memory usage. Loaded Objects now: 1995.
Total: 2.026708 ms (FindLiveObjects: 0.104112 ms CreateObjectMapping: 0.037253 ms MarkObjects: 1.873828 ms  DeleteObjects: 0.011041 ms)

AssetImportParameters requested are different than current active one (requested -> active):
  custom:video-decoder-ogg-theora: a1e56fd34408186e4bbccfd4996cb3dc -> 
  custom:container-muxer-webm: aa71ff27fc2769a1b78a27578f13a17b -> 
  custom:container-demuxer-webm: 4f35f7cbe854078d1ac9338744f61a02 -> 
  custom:container-demuxer-ogg: 62fdf1f143b41e24485cea50d1cbac27 -> 
  custom:video-encoder-webm-vp8: eb34c28f22e8b96e1ab97ce403110664 -> 
  custom:framework-osx-AVFoundation: e770b220cccbd017edd2c1fefb359320 -> 
  custom:video-decoder-webm-vp8: 9c59270c3fd7afecdb556c50c9e8de78 -> 
  custom:audio-decoder-ogg-vorbis: bf7c407c2cedff20999df2af8eb42d56 -> 
  custom:audio-encoder-webm-vorbis: bf7c407c2cedff20999df2af8eb42d56 -> 
========================================================================
Received Import Request.
  Time since last request: 28.087607 seconds.
  path: Assets/Prefabs/Big Block.prefab
  artifactKey: Guid(2134185ae5759450399346bcb04ff16c) Importer(815301076,1909f56bfc062723c751e8b465ee728b)
Start importing Assets/Prefabs/Big Block.prefab using Guid(2134185ae5759450399346bcb04ff16c) Importer(815301076,1909f56bfc062723c751e8b465ee728b)  -> (artifact id: 'a4f58986673cb7491278dbdfa6e4aca1') in 0.047968 seconds 
  Import took 0.050063 seconds .

========================================================================
Received Prepare
Registering precompiled user dll's ...
Registered in 0.001448 seconds.
Begin MonoManager ReloadAssembly
Native extension for OSXStandalone target not found
Refreshing native plugins compatible for Editor in 0.28 ms, found 2 plugins.
Preloading 0 native plugins for Editor in 0.00 ms.
Mono: successfully reloaded assembly
- Completed reload, in  0.880 seconds
Domain Reload Profiling:
	ReloadAssembly (880ms)
		BeginReloadAssembly (100ms)
			ExecutionOrderSort (0ms)
			DisableScriptedObjects (4ms)
			BackupInstance (0ms)
			ReleaseScriptingObjects (0ms)
			CreateAndSetChildDomain (48ms)
		EndReloadAssembly (727ms)
			LoadAssemblies (59ms)
			RebuildTransferFunctionScriptingTraits (0ms)
			SetupTypeCache (268ms)
			ReleaseScriptCaches (1ms)
			RebuildScriptCaches (39ms)
			SetupLoadedEditorAssemblies (259ms)
				LogAssemblyErrors (0ms)
				InitializePlatformSupportModulesInManaged (4ms)
				SetLoadedEditorAssemblies (0ms)
				RefreshPlugins (0ms)
				BeforeProcessingInitializeOnLoad (73ms)
				ProcessInitializeOnLoadAttributes (172ms)
				ProcessInitializeOnLoadMethodAttributes (7ms)
				AfterProcessingInitializeOnLoad (1ms)
				EditorAssembliesLoaded (0ms)
			ExecutionOrderSort2 (0ms)
			AwakeInstancesAfterBackupRestoration (6ms)
Platform modules already initialized, skipping
Refreshing native plugins compatible for Editor in 0.29 ms, found 2 plugins.
Preloading 0 native plugins for Editor in 0.00 ms.
Unloading 1499 Unused Serialized files (Serialized files now loaded: 0)
System memory in use before: 183.3 MB.
System memory in use after: 183.4 MB.

Unloading 14 unused Assets to reduce memory usage. Loaded Objects now: 1998.
Total: 2.037060 ms (FindLiveObjects: 0.104584 ms CreateObjectMapping: 0.038490 ms MarkObjects: 1.882506 ms  DeleteObjects: 0.010905 ms)

AssetImportParameters requested are different than current active one (requested -> active):
  custom:video-decoder-ogg-theora: a1e56fd34408186e4bbccfd4996cb3dc -> 
  custom:container-muxer-webm: aa71ff27fc2769a1b78a27578f13a17b -> 
  custom:container-demuxer-webm: 4f35f7cbe854078d1ac9338744f61a02 -> 
  custom:container-demuxer-ogg: 62fdf1f143b41e24485cea50d1cbac27 -> 
  custom:video-encoder-webm-vp8: eb34c28f22e8b96e1ab97ce403110664 -> 
  custom:framework-osx-AVFoundation: e770b220cccbd017edd2c1fefb359320 -> 
  custom:video-decoder-webm-vp8: 9c59270c3fd7afecdb556c50c9e8de78 -> 
  custom:audio-decoder-ogg-vorbis: bf7c407c2cedff20999df2af8eb42d56 -> 
  custom:audio-encoder-webm-vorbis: bf7c407c2cedff20999df2af8eb42d56 -> 
========================================================================
Received Import Request.
  Time since last request: 18.562344 seconds.
  path: Assets/Prefabs/Big Block.prefab
  artifactKey: Guid(2134185ae5759450399346bcb04ff16c) Importer(815301076,1909f56bfc062723c751e8b465ee728b)
Start importing Assets/Prefabs/Big Block.prefab using Guid(2134185ae5759450399346bcb04ff16c) Importer(815301076,1909f56bfc062723c751e8b465ee728b)  -> (artifact id: 'c05d17bc4f7d98966c8dac46b932b805') in 0.047268 seconds 
  Import took 0.049665 seconds .

========================================================================
Received Prepare
Registering precompiled user dll's ...
Registered in 0.001464 seconds.
Begin MonoManager ReloadAssembly
Native extension for OSXStandalone target not found
Refreshing native plugins compatible for Editor in 0.31 ms, found 2 plugins.
Preloading 0 native plugins for Editor in 0.00 ms.
Mono: successfully reloaded assembly
- Completed reload, in  0.873 seconds
Domain Reload Profiling:
	ReloadAssembly (874ms)
		BeginReloadAssembly (97ms)
			ExecutionOrderSort (0ms)
			DisableScriptedObjects (4ms)
			BackupInstance (0ms)
			ReleaseScriptingObjects (0ms)
			CreateAndSetChildDomain (45ms)
		EndReloadAssembly (724ms)
			LoadAssemblies (59ms)
			RebuildTransferFunctionScriptingTraits (0ms)
			SetupTypeCache (265ms)
			ReleaseScriptCaches (1ms)
			RebuildScriptCaches (39ms)
			SetupLoadedEditorAssemblies (260ms)
				LogAssemblyErrors (0ms)
				InitializePlatformSupportModulesInManaged (4ms)
				SetLoadedEditorAssemblies (0ms)
				RefreshPlugins (0ms)
				BeforeProcessingInitializeOnLoad (73ms)
				ProcessInitializeOnLoadAttributes (174ms)
				ProcessInitializeOnLoadMethodAttributes (7ms)
				AfterProcessingInitializeOnLoad (1ms)
				EditorAssembliesLoaded (0ms)
			ExecutionOrderSort2 (0ms)
			AwakeInstancesAfterBackupRestoration (6ms)
Platform modules already initialized, skipping
Refreshing native plugins compatible for Editor in 0.27 ms, found 2 plugins.
Preloading 0 native plugins for Editor in 0.00 ms.
Unloading 1499 Unused Serialized files (Serialized files now loaded: 0)
System memory in use before: 183.5 MB.
System memory in use after: 183.6 MB.

Unloading 14 unused Assets to reduce memory usage. Loaded Objects now: 2001.
Total: 2.024058 ms (FindLiveObjects: 0.102148 ms CreateObjectMapping: 0.038834 ms MarkObjects: 1.871896 ms  DeleteObjects: 0.010621 ms)

AssetImportParameters requested are different than current active one (requested -> active):
  custom:video-decoder-ogg-theora: a1e56fd34408186e4bbccfd4996cb3dc -> 
  custom:container-muxer-webm: aa71ff27fc2769a1b78a27578f13a17b -> 
  custom:container-demuxer-webm: 4f35f7cbe854078d1ac9338744f61a02 -> 
  custom:container-demuxer-ogg: 62fdf1f143b41e24485cea50d1cbac27 -> 
  custom:video-encoder-webm-vp8: eb34c28f22e8b96e1ab97ce403110664 -> 
  custom:framework-osx-AVFoundation: e770b220cccbd017edd2c1fefb359320 -> 
  custom:video-decoder-webm-vp8: 9c59270c3fd7afecdb556c50c9e8de78 -> 
  custom:audio-decoder-ogg-vorbis: bf7c407c2cedff20999df2af8eb42d56 -> 
  custom:audio-encoder-webm-vorbis: bf7c407c2cedff20999df2af8eb42d56 -> 
========================================================================
Received Import Request.
  Time since last request: 71.355177 seconds.
  path: Assets/Course Library/Vehicles
  artifactKey: Guid(2908f202f052a4d2bb20f125b017534d) Importer(815301076,1909f56bfc062723c751e8b465ee728b)
Start importing Assets/Course Library/Vehicles using Guid(2908f202f052a4d2bb20f125b017534d) Importer(815301076,1909f56bfc062723c751e8b465ee728b)  -> (artifact id: '6e47b9d23b9bd8c36d590a1d57094829') in 0.002987 seconds 
  Import took 0.005045 seconds .

========================================================================
Received Import Request.
  Time since last request: 0.074942 seconds.
  path: Assets/Course Library/Vehicles/Veh_Armor_Car_01.prefab
  artifactKey: Guid(aea2a6cdcc9d7944090d528486ebaee1) Importer(815301076,1909f56bfc062723c751e8b465ee728b)
Start importing Assets/Course Library/Vehicles/Veh_Armor_Car_01.prefab using Guid(aea2a6cdcc9d7944090d528486ebaee1) Importer(815301076,1909f56bfc062723c751e8b465ee728b)  -> (artifact id: '2836952901077c30dea1e18c36eec3f3') in 0.045375 seconds 
  Import took 0.047559 seconds .

========================================================================
Received Import Request.
  Time since last request: 0.000155 seconds.
  path: Assets/Course Library/Vehicles/Veh_Car_Blue_Z.prefab
  artifactKey: Guid(09082afec7b5e824ca611a0cc3264bcd) Importer(815301076,1909f56bfc062723c751e8b465ee728b)
Start importing Assets/Course Library/Vehicles/Veh_Car_Blue_Z.prefab using Guid(09082afec7b5e824ca611a0cc3264bcd) Importer(815301076,1909f56bfc062723c751e8b465ee728b)  -> (artifact id: '0a2647a5a0f430ec619c854b82d40558') in 0.135207 seconds 
  Import took 0.137429 seconds .

========================================================================
Received Import Request.
  Time since last request: 0.000153 seconds.
  path: Assets/Course Library/Vehicles/Veh_Bus_Blue_Z.prefab
  artifactKey: Guid(da59e5a3713884d4f9e9667c2befa1a4) Importer(815301076,1909f56bfc062723c751e8b465ee728b)
Start importing Assets/Course Library/Vehicles/Veh_Bus_Blue_Z.prefab using Guid(da59e5a3713884d4f9e9667c2befa1a4) Importer(815301076,1909f56bfc062723c751e8b465ee728b)  -> (artifact id: 'ed2b95140408947c25e865cb5cf3870c') in 0.007473 seconds 
  Import took 0.009578 seconds .

========================================================================
Received Import Request.
  Time since last request: 0.000146 seconds.
  path: Assets/Course Library/Vehicles/Veh_Ute_Red_Z.prefab
  artifactKey: Guid(70bf34f6c25c948458f254e87188b00b) Importer(815301076,1909f56bfc062723c751e8b465ee728b)
Start importing Assets/Course Library/Vehicles/Veh_Ute_Red_Z.prefab using Guid(70bf34f6c25c948458f254e87188b00b) Importer(815301076,1909f56bfc062723c751e8b465ee728b)  -> (artifact id: '52f352ec2c739fd8e1436ebd6e80fad8') in 0.007889 seconds 
  Import took 0.010333 seconds .

========================================================================
Received Import Request.
  Time since last request: 0.000149 seconds.
  path: Assets/Course Library/Vehicles/Veh_Van_Green_Z.prefab
  artifactKey: Guid(68840c673a0b18e41a044ed077548d55) Importer(815301076,1909f56bfc062723c751e8b465ee728b)
Start importing Assets/Course Library/Vehicles/Veh_Van_Green_Z.prefab using Guid(68840c673a0b18e41a044ed077548d55) Importer(815301076,1909f56bfc062723c751e8b465ee728b)  -> (artifact id: 'f8522967de202e1d7fbc8d7f763e44f2') in 0.007698 seconds 
  Import took 0.009812 seconds .

========================================================================
Received Import Request.
  Time since last request: 147.704355 seconds.
  path: Assets/Scripts/MoveForward.cs
  artifactKey: Guid(0ea3dc6713f554b2ba10faa886cdbb22) Importer(815301076,1909f56bfc062723c751e8b465ee728b)
Start importing Assets/Scripts/MoveForward.cs using Guid(0ea3dc6713f554b2ba10faa886cdbb22) Importer(815301076,1909f56bfc062723c751e8b465ee728b)  -> (artifact id: 'a76951e3b1c044430cecc458d8c44192') in 0.248429 seconds 
  Import took 0.253517 seconds .

========================================================================
Received Prepare
Registering precompiled user dll's ...
Registered in 0.001422 seconds.
Begin MonoManager ReloadAssembly
Native extension for OSXStandalone target not found
Refreshing native plugins compatible for Editor in 0.28 ms, found 2 plugins.
Preloading 0 native plugins for Editor in 0.00 ms.
Mono: successfully reloaded assembly
- Completed reload, in  0.878 seconds
Domain Reload Profiling:
	ReloadAssembly (878ms)
		BeginReloadAssembly (101ms)
			ExecutionOrderSort (0ms)
			DisableScriptedObjects (4ms)
			BackupInstance (0ms)
			ReleaseScriptingObjects (0ms)
			CreateAndSetChildDomain (51ms)
		EndReloadAssembly (720ms)
			LoadAssemblies (61ms)
			RebuildTransferFunctionScriptingTraits (0ms)
			SetupTypeCache (272ms)
			ReleaseScriptCaches (1ms)
			RebuildScriptCaches (39ms)
			SetupLoadedEditorAssemblies (249ms)
				LogAssemblyErrors (0ms)
				InitializePlatformSupportModulesInManaged (3ms)
				SetLoadedEditorAssemblies (0ms)
				RefreshPlugins (0ms)
				BeforeProcessingInitializeOnLoad (72ms)
				ProcessInitializeOnLoadAttributes (165ms)
				ProcessInitializeOnLoadMethodAttributes (7ms)
				AfterProcessingInitializeOnLoad (1ms)
				EditorAssembliesLoaded (0ms)
			ExecutionOrderSort2 (0ms)
			AwakeInstancesAfterBackupRestoration (6ms)
Platform modules already initialized, skipping
Refreshing native plugins compatible for Editor in 0.25 ms, found 2 plugins.
Preloading 0 native plugins for Editor in 0.00 ms.
Unloading 1500 Unused Serialized files (Serialized files now loaded: 0)
System memory in use before: 187.9 MB.
System memory in use after: 188.0 MB.

Unloading 14 unused Assets to reduce memory usage. Loaded Objects now: 2005.
Total: 2.014196 ms (FindLiveObjects: 0.101809 ms CreateObjectMapping: 0.040406 ms MarkObjects: 1.861161 ms  DeleteObjects: 0.010273 ms)

AssetImportParameters requested are different than current active one (requested -> active):
  custom:video-decoder-ogg-theora: a1e56fd34408186e4bbccfd4996cb3dc -> 
  custom:container-muxer-webm: aa71ff27fc2769a1b78a27578f13a17b -> 
  custom:container-demuxer-webm: 4f35f7cbe854078d1ac9338744f61a02 -> 
  custom:container-demuxer-ogg: 62fdf1f143b41e24485cea50d1cbac27 -> 
  custom:video-encoder-webm-vp8: eb34c28f22e8b96e1ab97ce403110664 -> 
  custom:framework-osx-AVFoundation: e770b220cccbd017edd2c1fefb359320 -> 
  custom:video-decoder-webm-vp8: 9c59270c3fd7afecdb556c50c9e8de78 -> 
  custom:audio-decoder-ogg-vorbis: bf7c407c2cedff20999df2af8eb42d56 -> 
  custom:audio-encoder-webm-vorbis: bf7c407c2cedff20999df2af8eb42d56 -> 
========================================================================
Received Import Request.
  Time since last request: 602.651113 seconds.
  path: Assets/Scripts/MoveForward.cs
  artifactKey: Guid(0ea3dc6713f554b2ba10faa886cdbb22) Importer(815301076,1909f56bfc062723c751e8b465ee728b)
Start importing Assets/Scripts/MoveForward.cs using Guid(0ea3dc6713f554b2ba10faa886cdbb22) Importer(815301076,1909f56bfc062723c751e8b465ee728b)  -> (artifact id: '71829999c4903c89a8776d2f58cc18ef') in 0.006490 seconds 
  Import took 0.011022 seconds .

AssetImportWorkerClient::OnTransportError - code=2 error=End of file
